<?xml version="1.0" encoding="UTF-8"?>
<!-- Generated by org.testng.reporters.JUnitXMLReporter -->
<testsuite hostname="DESKTOP-GU0AKB7" name="testngTest" tests="4" failures="0" timestamp="20 Feb 2018 14:00:20 GMT" time="0.113" errors="0">
  <testcase name="b" time="0.013" classname="Practise.A"/>
  <testcase name="c" time="0.0" classname="Practise.A"/>
  <testcase name="d" time="0.001" classname="Practise.A"/>
  <testcase name="f" time="0.0" classname="Practise.A"/>
</testsuite> <!-- testngTest -->
